This is pdfTeX, Version 3.14159265-2.6-1.40.18 (TeX Live 2017) (preloaded format=pdflatex 2018.3.21)  4 JUN 2018 15:44
entering extended mode
 restricted \write18 enabled.
 %&-line parsing enabled.
**2018-05_CV_Vagni_Long.tex
(./2018-05_CV_Vagni_Long.tex
LaTeX2e <2017-04-15>
Babel <3.10> and hyphenation patterns for 84 language(s) loaded.
(/usr/local/texlive/2017/texmf-dist/tex/latex/base/article.cls
Document Class: article 2014/09/29 v1.4h Standard LaTeX document class
(/usr/local/texlive/2017/texmf-dist/tex/latex/base/size12.clo
File: size12.clo 2014/09/29 v1.4h Standard LaTeX file (size option)
)
\c@part=\count79
\c@section=\count80
\c@subsection=\count81
\c@subsubsection=\count82
\c@paragraph=\count83
\c@subparagraph=\count84
\c@figure=\count85
\c@table=\count86
\abovecaptionskip=\skip41
\belowcaptionskip=\skip42
\bibindent=\dimen102
)
(/usr/local/texlive/2017/texmf-dist/tex/generic/babel/babel.sty
Package: babel 2017/05/19 3.10 The Babel package

(/usr/local/texlive/2017/texmf-dist/tex/generic/babel-german/german.ldf
Language: german 2016/11/02 v2.9 German support for babel (traditional orthogra
phy)

(/usr/local/texlive/2017/texmf-dist/tex/generic/babel-german/germanb.ldf
Language: germanb 2016/11/02 v2.9 German support for babel (traditional orthogr
aphy)

(/usr/local/texlive/2017/texmf-dist/tex/generic/babel/babel.def
File: babel.def 2017/05/19 3.10 Babel common definitions
\babel@savecnt=\count87
\U@D=\dimen103
)
Package babel Info: Making " an active character on input line 139.
)))
(/usr/local/texlive/2017/texmf-dist/tex/latex/graphics/color.sty
Package: color 2016/07/10 v1.1e Standard LaTeX Color (DPC)

(/usr/local/texlive/2017/texmf-dist/tex/latex/graphics-cfg/color.cfg
File: color.cfg 2016/01/02 v1.6 sample color configuration
)
Package color Info: Driver file: pdftex.def on input line 147.

(/usr/local/texlive/2017/texmf-dist/tex/latex/graphics-def/pdftex.def
File: pdftex.def 2017/01/12 v0.06k Graphics/color for pdfTeX

(/usr/local/texlive/2017/texmf-dist/tex/generic/oberdiek/infwarerr.sty
Package: infwarerr 2016/05/16 v1.4 Providing info/warning/error messages (HO)
)
(/usr/local/texlive/2017/texmf-dist/tex/generic/oberdiek/ltxcmds.sty
Package: ltxcmds 2016/05/16 v1.23 LaTeX kernel commands for general use (HO)
)
\Gread@gobject=\count88
)
(/usr/local/texlive/2017/texmf-dist/tex/latex/graphics/dvipsnam.def
File: dvipsnam.def 2016/06/17 v3.0m Driver-dependent file (DPC,SPQR)
))
(/usr/local/texlive/2017/texmf-dist/tex/latex/hyphenat/hyphenat.sty
Package: hyphenat 2009/09/02 v2.3c hyphenation utilities
\langwohyphens=\language84
LaTeX Info: Redefining \_ on input line 43.
)
(/usr/local/texlive/2017/texmf-dist/tex/latex/hyperref/hyperref.sty
Package: hyperref 2017/03/14 v6.85a Hypertext links for LaTeX

(/usr/local/texlive/2017/texmf-dist/tex/generic/oberdiek/hobsub-hyperref.sty
Package: hobsub-hyperref 2016/05/16 v1.14 Bundle oberdiek, subset hyperref (HO)


(/usr/local/texlive/2017/texmf-dist/tex/generic/oberdiek/hobsub-generic.sty
Package: hobsub-generic 2016/05/16 v1.14 Bundle oberdiek, subset generic (HO)
Package: hobsub 2016/05/16 v1.14 Construct package bundles (HO)
Package hobsub Info: Skipping package `infwarerr' (already loaded).
Package hobsub Info: Skipping package `ltxcmds' (already loaded).
Package: ifluatex 2016/05/16 v1.4 Provides the ifluatex switch (HO)
Package ifluatex Info: LuaTeX not detected.
Package: ifvtex 2016/05/16 v1.6 Detect VTeX and its facilities (HO)
Package ifvtex Info: VTeX not detected.
Package: intcalc 2016/05/16 v1.2 Expandable calculations with integers (HO)
Package: ifpdf 2017/03/15 v3.2 Provides the ifpdf switch
Package: etexcmds 2016/05/16 v1.6 Avoid name clashes with e-TeX commands (HO)
Package etexcmds Info: Could not find \expanded.
(etexcmds)             That can mean that you are not using pdfTeX 1.50 or
(etexcmds)             that some package has redefined \expanded.
(etexcmds)             In the latter case, load this package earlier.
Package: kvsetkeys 2016/05/16 v1.17 Key value parser (HO)
Package: kvdefinekeys 2016/05/16 v1.4 Define keys (HO)
Package: pdftexcmds 2017/03/19 v0.25 Utility functions of pdfTeX for LuaTeX (HO
)
Package pdftexcmds Info: LuaTeX not detected.
Package pdftexcmds Info: \pdf@primitive is available.
Package pdftexcmds Info: \pdf@ifprimitive is available.
Package pdftexcmds Info: \pdfdraftmode found.
Package: pdfescape 2016/05/16 v1.14 Implements pdfTeX's escape features (HO)
Package: bigintcalc 2016/05/16 v1.4 Expandable calculations on big integers (HO
)
Package: bitset 2016/05/16 v1.2 Handle bit-vector datatype (HO)
Package: uniquecounter 2016/05/16 v1.3 Provide unlimited unique counter (HO)
)
Package hobsub Info: Skipping package `hobsub' (already loaded).
Package: letltxmacro 2016/05/16 v1.5 Let assignment for LaTeX macros (HO)
Package: hopatch 2016/05/16 v1.3 Wrapper for package hooks (HO)
Package: xcolor-patch 2016/05/16 xcolor patch
Package: atveryend 2016/05/16 v1.9 Hooks at the very end of document (HO)
Package atveryend Info: \enddocument detected (standard20110627).
Package: atbegshi 2016/06/09 v1.18 At begin shipout hook (HO)
Package: refcount 2016/05/16 v3.5 Data extraction from label references (HO)
Package: hycolor 2016/05/16 v1.8 Color options for hyperref/bookmark (HO)
)
(/usr/local/texlive/2017/texmf-dist/tex/latex/graphics/keyval.sty
Package: keyval 2014/10/28 v1.15 key=value parser (DPC)
\KV@toks@=\toks14
)
(/usr/local/texlive/2017/texmf-dist/tex/generic/ifxetex/ifxetex.sty
Package: ifxetex 2010/09/12 v0.6 Provides ifxetex conditional
)
(/usr/local/texlive/2017/texmf-dist/tex/latex/oberdiek/auxhook.sty
Package: auxhook 2016/05/16 v1.4 Hooks for auxiliary files (HO)
)
(/usr/local/texlive/2017/texmf-dist/tex/latex/oberdiek/kvoptions.sty
Package: kvoptions 2016/05/16 v3.12 Key value format for package options (HO)
)
\@linkdim=\dimen104
\Hy@linkcounter=\count89
\Hy@pagecounter=\count90

(/usr/local/texlive/2017/texmf-dist/tex/latex/hyperref/pd1enc.def
File: pd1enc.def 2017/03/14 v6.85a Hyperref: PDFDocEncoding definition (HO)
)
\Hy@SavedSpaceFactor=\count91

(/usr/local/texlive/2017/texmf-dist/tex/latex/latexconfig/hyperref.cfg
File: hyperref.cfg 2002/06/06 v1.2 hyperref configuration of TeXLive
)
Package hyperref Info: Hyper figures OFF on input line 4498.
Package hyperref Info: Link nesting OFF on input line 4503.
Package hyperref Info: Hyper index ON on input line 4506.
Package hyperref Info: Plain pages OFF on input line 4513.
Package hyperref Info: Backreferencing OFF on input line 4518.
Package hyperref Info: Implicit mode ON; LaTeX internals redefined.
Package hyperref Info: Bookmarks ON on input line 4751.
\c@Hy@tempcnt=\count92

(/usr/local/texlive/2017/texmf-dist/tex/latex/url/url.sty
\Urlmuskip=\muskip10
Package: url 2013/09/16  ver 3.4  Verb mode for urls, etc.
)
LaTeX Info: Redefining \url on input line 5104.
\XeTeXLinkMargin=\dimen105
\Fld@menulength=\count93
\Field@Width=\dimen106
\Fld@charsize=\dimen107
Package hyperref Info: Hyper figures OFF on input line 6358.
Package hyperref Info: Link nesting OFF on input line 6363.
Package hyperref Info: Hyper index ON on input line 6366.
Package hyperref Info: backreferencing OFF on input line 6373.
Package hyperref Info: Link coloring OFF on input line 6378.
Package hyperref Info: Link coloring with OCG OFF on input line 6383.
Package hyperref Info: PDF/A mode OFF on input line 6388.
LaTeX Info: Redefining \ref on input line 6428.
LaTeX Info: Redefining \pageref on input line 6432.
\Hy@abspage=\count94
\c@Item=\count95
\c@Hfootnote=\count96
)

Package hyperref Message: Driver (autodetected): hpdftex.

(/usr/local/texlive/2017/texmf-dist/tex/latex/hyperref/hpdftex.def
File: hpdftex.def 2017/03/14 v6.85a Hyperref driver for pdfTeX
\Fld@listcount=\count97
\c@bookmark@seq@number=\count98

(/usr/local/texlive/2017/texmf-dist/tex/latex/oberdiek/rerunfilecheck.sty
Package: rerunfilecheck 2016/05/16 v1.8 Rerun checks for auxiliary files (HO)
Package uniquecounter Info: New unique counter `rerunfilecheck' on input line 2
82.
)
\Hy@SectionHShift=\skip43
)
(/usr/local/texlive/2017/texmf-dist/tex/latex/currvita/currvita.sty
Package: currvita 1999/09/13 v0.9i Typesetting a Curriculum Vitae

(/usr/local/texlive/2017/texmf-dist/tex/latex/base/ifthen.sty
Package: ifthen 2014/09/29 v1.1c Standard LaTeX ifthen package (DPC)
)
\@cvlistheading=\box26
\cvlabelsep=\skip44
\cvlabelskip=\skip45
\cvlabelwidth=\skip46
)
(./2018-05_CV_Vagni_Long.aux)
\openout1 = `2018-05_CV_Vagni_Long.aux'.

LaTeX Font Info:    Checking defaults for OML/cmm/m/it on input line 13.
LaTeX Font Info:    ... okay on input line 13.
LaTeX Font Info:    Checking defaults for T1/cmr/m/n on input line 13.
LaTeX Font Info:    ... okay on input line 13.
LaTeX Font Info:    Checking defaults for OT1/cmr/m/n on input line 13.
LaTeX Font Info:    ... okay on input line 13.
LaTeX Font Info:    Checking defaults for OMS/cmsy/m/n on input line 13.
LaTeX Font Info:    ... okay on input line 13.
LaTeX Font Info:    Checking defaults for OMX/cmex/m/n on input line 13.
LaTeX Font Info:    ... okay on input line 13.
LaTeX Font Info:    Checking defaults for U/cmr/m/n on input line 13.
LaTeX Font Info:    ... okay on input line 13.
LaTeX Font Info:    Checking defaults for PD1/pdf/m/n on input line 13.
LaTeX Font Info:    ... okay on input line 13.

(/usr/local/texlive/2017/texmf-dist/tex/context/base/mkii/supp-pdf.mkii
[Loading MPS to PDF converter (version 2006.09.02).]
\scratchcounter=\count99
\scratchdimen=\dimen108
\scratchbox=\box27
\nofMPsegments=\count100
\nofMParguments=\count101
\everyMPshowfont=\toks15
\MPscratchCnt=\count102
\MPscratchDim=\dimen109
\MPnumerator=\count103
\makeMPintoPDFobject=\count104
\everyMPtoPDFconversion=\toks16
)
\AtBeginShipoutBox=\box28
Package hyperref Info: Link coloring OFF on input line 13.
 (/usr/local/texlive/2017/texmf-dist/tex/latex/hyperref/nameref.sty
Package: nameref 2016/05/21 v2.44 Cross-referencing by name of section

(/usr/local/texlive/2017/texmf-dist/tex/generic/oberdiek/gettitlestring.sty
Package: gettitlestring 2016/05/16 v1.5 Cleanup title references (HO)
)
\c@section@level=\count105
)
LaTeX Info: Redefining \ref on input line 13.
LaTeX Info: Redefining \pageref on input line 13.
LaTeX Info: Redefining \nameref on input line 13.

(./2018-05_CV_Vagni_Long.out) (./2018-05_CV_Vagni_Long.out)
\@outlinefile=\write3
\openout3 = `2018-05_CV_Vagni_Long.out'.


Overfull \hbox (15.50134pt too wide) in paragraph at lines 26--28
[]\OT1/cmr/m/n/12 https://www.sociology.ox.ac.uk/people/giacomo-vagni.html[] 
 []


Underfull \hbox (badness 10000) in paragraph at lines 26--28

 []


Overfull \hbox (12.53891pt too wide) in paragraph at lines 43--44
[]\OT1/cmr/m/n/12 National In-sti-tu-te for De-mo-gra-phic Stu-dies (IN-ED), Fr
an-ce. 
 []

Package babel Info: Redefining german shorthand "f
(babel)             in language  on input line 48.
Package babel Info: Redefining german shorthand "|
(babel)             in language  on input line 48.
Package babel Info: Redefining german shorthand "~
(babel)             in language  on input line 48.
Package babel Info: Redefining german shorthand "f
(babel)             in language  on input line 48.
Package babel Info: Redefining german shorthand "|
(babel)             in language  on input line 48.
Package babel Info: Redefining german shorthand "~
(babel)             in language  on input line 48.
[1

{/usr/local/texlive/2017/texmf-var/fonts/map/pdftex/updmap/pdftex.map}]
Overfull \hbox (13.54433pt too wide) in paragraph at lines 52--53
\OT1/cmr/m/n/12 ac-ti-vi-ties across so-ci-al con-texts.'' \OT1/cmr/m/it/12 Pro
-cee-dings of the Na-tio-nal
 []


Overfull \hbox (4.54076pt too wide) in paragraph at lines 56--57
\OT1/cmr/m/n/12 Vla-se and B. Voi-cu (Eds.) \OT1/cmr/m/it/12 Gen-der, Fa-mi-ly,
 and Ad-ap-ta-ti-on
 []


Overfull \hbox (2.45995pt too wide) in paragraph at lines 76--77
[]\OT1/cmr/m/n/12 R (\OT1/cmr/m/it/12 ex-pert\OT1/cmr/m/n/12 ), Rcpp, Py-thon (
\OT1/cmr/m/it/12 in-ter-me-dia-te\OT1/cmr/m/n/12 ), C++ (\OT1/cmr/m/it/12 be-gi
n-ner\OT1/cmr/m/n/12 ) 
 []


Overfull \hbox (45.25874pt too wide) in paragraph at lines 78--82
[]\OT1/cmr/m/n/12 Sequence Ana-ly-sis (\OT1/cmr/m/it/12 ad-van-ced\OT1/cmr/m/n/
12 ), Clu-ste-ring Ana-ly-sis (\OT1/cmr/m/it/12 in-ter-me-dia-te\OT1/cmr/m/n/12
 ),
 []


Overfull \hbox (17.54428pt too wide) in paragraph at lines 78--82
\OT1/cmr/m/n/12 Or-di-na-ry Least Squa-res (\OT1/cmr/m/it/12 in-ter-me-dia-te\O
T1/cmr/m/n/12 ), Struc-tu-ral Equa-ti-ons
 []


Overfull \hbox (16.2304pt too wide) in paragraph at lines 78--82
\OT1/cmr/m/n/12 Mo-del-ling (\OT1/cmr/m/it/12 in-ter-me-dia-te\OT1/cmr/m/n/12 )
, Mul-ti-ple Cor-re-spon-dence Ana-ly-sis
 []


Overfull \hbox (3.37724pt too wide) in paragraph at lines 78--82
\OT1/cmr/m/n/12 (\OT1/cmr/m/it/12 in-ter-me-dia-te\OT1/cmr/m/n/12 ), Net-work A
na-ly-sis (\OT1/cmr/m/it/12 in-ter-me-dia-te/beginner\OT1/cmr/m/n/12 ) 
 []

Package babel Info: Redefining german shorthand "f
(babel)             in language  on input line 82.
Package babel Info: Redefining german shorthand "|
(babel)             in language  on input line 82.
Package babel Info: Redefining german shorthand "~
(babel)             in language  on input line 82.
Package babel Info: Redefining german shorthand "f
(babel)             in language  on input line 82.
Package babel Info: Redefining german shorthand "|
(babel)             in language  on input line 82.
Package babel Info: Redefining german shorthand "~
(babel)             in language  on input line 82.
[2]
LaTeX Font Info:    External font `cmex10' loaded for size
(Font)              <12> on input line 83.
LaTeX Font Info:    External font `cmex10' loaded for size
(Font)              <8> on input line 83.
LaTeX Font Info:    External font `cmex10' loaded for size
(Font)              <6> on input line 83.

Overfull \hbox (3.5126pt too wide) in paragraph at lines 97--98
\OT1/cmr/m/n/12 Part-ner-ship Qua-li-ty: an Em-pi-ri-cal As-sessment using Dia-
ry
 []


Overfull \hbox (5.45563pt too wide) in paragraph at lines 101--102
[]\OT1/cmr/m/n/12 Vagni, G., and Sul-li-van, O. (2017) ``Cou-ple Work-schedules

 []


Overfull \hbox (12.93889pt too wide) in paragraph at lines 107--109
\OT1/cmr/m/n/12 So-cio-lo-gi-cal As-so-cia-ti-on (ISA); RC-28; The Roy-al Sta-t
i-sti-cal
 []


Overfull \hbox (0.85847pt too wide) in paragraph at lines 107--109
\OT1/cmr/m/n/12 Re-se-arch (IA-TUR); Bri-tish So-cie-ty for Po-pu-la-ti-on Stu-
dies
 []


Overfull \hbox (32.40303pt too wide) in paragraph at lines 113--114
\OT1/cmr/m/n/12 of Pa-ren-tal Ti-me''. \OT1/cmr/m/it/12 RC 28 Con-fe-rence. In-
ter-na-tio-nal So-cio-lo-gi-cal
 []

Package babel Info: Redefining german shorthand "f
(babel)             in language  on input line 115.
Package babel Info: Redefining german shorthand "|
(babel)             in language  on input line 115.
Package babel Info: Redefining german shorthand "~
(babel)             in language  on input line 115.
Package babel Info: Redefining german shorthand "f
(babel)             in language  on input line 115.
Package babel Info: Redefining german shorthand "|
(babel)             in language  on input line 115.
Package babel Info: Redefining german shorthand "~
(babel)             in language  on input line 115.
[3]
Overfull \hbox (5.30971pt too wide) in paragraph at lines 115--116
\OT1/cmr/m/n/12 Spou-se on En-joy-ment''. \OT1/cmr/m/it/12 Pop-Fest 2017\OT1/cm
r/m/n/12 , 1-3 Ju-ne. Uni-ver-si-ty
 []


Overfull \hbox (11.15419pt too wide) in paragraph at lines 120--121
\OT1/cmr/m/n/12 Ear-ly Pa-ren-tal Trans-mis-si-on of Cul-tu-ral and De-ve-lop-m
en-tal
 []


Overfull \hbox (13.91805pt too wide) in paragraph at lines 120--121
\OT1/cmr/m/n/12 Re-sources'', 4th of April. Na-tio-nal In-sti-tu-te for De-mo-g
ra-phic
 []


Overfull \hbox (11.15419pt too wide) in paragraph at lines 122--123
\OT1/cmr/m/n/12 Ear-ly Pa-ren-tal Trans-mis-si-on of Cul-tu-ral and De-ve-lop-m
en-tal
 []

Missing character: There is no Â in font cmr12!
Missing character: There is no   in font cmr12!
Missing character: There is no Â in font cmr12!
Missing character: There is no   in font cmr12!
Missing character: There is no Â in font cmr12!
Missing character: There is no   in font cmr12!
Missing character: There is no Â in font cmr12!
Missing character: There is no   in font cmr12!
Missing character: There is no Â in font cmr12!
Missing character: There is no   in font cmr12!

Overfull \hbox (9.96373pt too wide) in paragraph at lines 126--128
[]\OT1/cmr/m/n/12 ``Family ti-me and Stra-ti-fi-ca-ti-on''. \OT1/cmr/m/it/12 So
-ci-al In-e-qua-li-ty Re-se-arch
 []

Missing character: There is no Â in font cmr12!
Missing character: There is no   in font cmr12!
Missing character: There is no Â in font cmr12!
Missing character: There is no   in font cmr12!
Missing character: There is no Â in font cmr12!
Missing character: There is no   in font cmr12!
Missing character: There is no Â in font cmr12!
Missing character: There is no   in font cmr12!
Missing character: There is no Â in font cmr12!
Missing character: There is no   in font cmr12!

Overfull \hbox (16.36278pt too wide) in paragraph at lines 130--132
[]\OT1/cmr/m/n/12 ``Modelling Se-quence Ac-ti-vi-ties''. \OT1/cmr/m/it/12 NCRM 
7th ES-RC Re-se-arch
 []

Missing character: There is no Â in font cmr12!
Missing character: There is no   in font cmr12!
Missing character: There is no Â in font cmr12!
Missing character: There is no   in font cmr12!
Missing character: There is no Â in font cmr12!
Missing character: There is no   in font cmr12!
Missing character: There is no Â in font cmr12!
Missing character: There is no   in font cmr12!
Missing character: There is no Â in font cmr12!
Missing character: There is no   in font cmr12!
Missing character: There is no Â in font cmr12!
Missing character: There is no   in font cmr12!
Missing character: There is no Â in font cmr12!
Missing character: There is no   in font cmr12!
Missing character: There is no Â in font cmr12!
Missing character: There is no   in font cmr12!
Missing character: There is no Â in font cmr12!
Missing character: There is no   in font cmr12!
Missing character: There is no Â in font cmr12!
Missing character: There is no   in font cmr12!
Missing character: There is no Â in font cmr12!
Missing character: There is no   in font cmr12!
Missing character: There is no Â in font cmr12!
Missing character: There is no   in font cmr12!

Overfull \hbox (43.82329pt too wide) in paragraph at lines 134--136
[]\OT1/cmr/m/n/12 ``Embodied Ca-pi-tal Ac-cu-mu-la-ti-on and Em-ploy-ment Tra-j
ec-to-ries''.
 []


Overfull \hbox (11.5352pt too wide) in paragraph at lines 134--136
\OT1/cmr/m/it/12 Ti-me Use in Bri-tain Con-fe-rence\OT1/cmr/m/n/12 , 9-10 No-ve
m-ber. Uni-ver-si-ty
 []

Missing character: There is no Â in font cmr12!
Missing character: There is no   in font cmr12!
Missing character: There is no Â in font cmr12!
Missing character: There is no   in font cmr12!
Missing character: There is no Â in font cmr12!
Missing character: There is no   in font cmr12!
Missing character: There is no Â in font cmr12!
Missing character: There is no   in font cmr12!
Missing character: There is no Â in font cmr12!
Missing character: There is no   in font cmr12!
Missing character: There is no Â in font cmr12!
Missing character: There is no   in font cmr12!
Missing character: There is no Â in font cmr12!
Missing character: There is no   in font cmr12!
Missing character: There is no Â in font cmr12!
Missing character: There is no   in font cmr12!
Missing character: There is no Â in font cmr12!
Missing character: There is no   in font cmr12!

Overfull \hbox (8.92386pt too wide) in paragraph at lines 136--138
[]\OT1/cmr/m/n/12 ``Time To-gether and Part-ner-ship Qua-li-ty''. \OT1/cmr/m/it
/12 12th Con-fe-rence
 []

Missing character: There is no Â in font cmr12!
Missing character: There is no   in font cmr12!
Missing character: There is no Â in font cmr12!
Missing character: There is no   in font cmr12!
Missing character: There is no Â in font cmr12!
Missing character: There is no   in font cmr12!
Missing character: There is no Â in font cmr12!
Missing character: There is no   in font cmr12!
Missing character: There is no Â in font cmr12!
Missing character: There is no   in font cmr12!
Missing character: There is no Â in font cmr12!
Missing character: There is no   in font cmr12!
Missing character: There is no Â in font cmr12!
Missing character: There is no   in font cmr12!
Missing character: There is no Â in font cmr12!
Missing character: There is no   in font cmr12!
Missing character: There is no Â in font cmr12!
Missing character: There is no   in font cmr12!
Missing character: There is no Â in font cmr12!
Missing character: There is no   in font cmr12!
Missing character: There is no Â in font cmr12!
Missing character: There is no   in font cmr12!
Missing character: There is no Â in font cmr12!
Missing character: There is no   in font cmr12!
Missing character: There is no Â in font cmr12!
Missing character: There is no   in font cmr12!
Package babel Info: Redefining german shorthand "f
(babel)             in language  on input line 140.
Package babel Info: Redefining german shorthand "|
(babel)             in language  on input line 140.
Package babel Info: Redefining german shorthand "~
(babel)             in language  on input line 140.
Package babel Info: Redefining german shorthand "f
(babel)             in language  on input line 140.
Package babel Info: Redefining german shorthand "|
(babel)             in language  on input line 140.
Package babel Info: Redefining german shorthand "~
(babel)             in language  on input line 140.
[4]
Missing character: There is no Â in font cmr12!
Missing character: There is no   in font cmr12!
Missing character: There is no Â in font cmr12!
Missing character: There is no   in font cmr12!
Missing character: There is no Â in font cmr12!
Missing character: There is no   in font cmr12!
Missing character: There is no Â in font cmr12!
Missing character: There is no   in font cmr12!
Missing character: There is no Â in font cmr12!
Missing character: There is no   in font cmr12!
Missing character: There is no Â in font cmr12!
Missing character: There is no   in font cmr12!
Missing character: There is no Â in font cmr12!
Missing character: There is no   in font cmr12!
Missing character: There is no Â in font cmr12!
Missing character: There is no   in font cmr12!
Missing character: There is no Â in font cmr12!
Missing character: There is no   in font cmr12!
Missing character: There is no Â in font cmr12!
Missing character: There is no   in font cmr12!
Missing character: There is no Â in font cmr12!
Missing character: There is no   in font cmr12!
Missing character: There is no Â in font cmr12!
Missing character: There is no   in font cmr12!
Missing character: There is no Â in font cmr12!
Missing character: There is no   in font cmr12!
Missing character: There is no Â in font cmr12!
Missing character: There is no   in font cmr12!

Overfull \hbox (7.1902pt too wide) in paragraph at lines 140--142
[]\OT1/cmr/m/n/12 ``Sharing Free Ti-me''. \OT1/cmr/m/it/12 36th IA-TUR Con-fe-r
ence\OT1/cmr/m/n/12 , 5-7 Au-gust.
 []

Missing character: There is no Â in font cmr12!
Missing character: There is no   in font cmr12!
Missing character: There is no Â in font cmr12!
Missing character: There is no   in font cmr12!
Missing character: There is no Â in font cmr12!
Missing character: There is no   in font cmr12!
Missing character: There is no Â in font cmr12!
Missing character: There is no   in font cmr12!
Missing character: There is no Â in font cmr12!
Missing character: There is no   in font cmr12!
Missing character: There is no Â in font cmr12!
Missing character: There is no   in font cmr12!
Missing character: There is no Â in font cmr12!
Missing character: There is no   in font cmr12!
Package atveryend Info: Empty hook `BeforeClearDocument' on input line 150.
Package babel Info: Redefining german shorthand "f
(babel)             in language  on input line 150.
Package babel Info: Redefining german shorthand "|
(babel)             in language  on input line 150.
Package babel Info: Redefining german shorthand "~
(babel)             in language  on input line 150.
Package babel Info: Redefining german shorthand "f
(babel)             in language  on input line 150.
Package babel Info: Redefining german shorthand "|
(babel)             in language  on input line 150.
Package babel Info: Redefining german shorthand "~
(babel)             in language  on input line 150.
[5]
Package atveryend Info: Empty hook `AfterLastShipout' on input line 150.
 (./2018-05_CV_Vagni_Long.aux)
Package atveryend Info: Executing hook `AtVeryEndDocument' on input line 150.
Package atveryend Info: Executing hook `AtEndAfterFileList' on input line 150.
Package rerunfilecheck Info: File `2018-05_CV_Vagni_Long.out' has not changed.
(rerunfilecheck)             Checksum: D41D8CD98F00B204E9800998ECF8427E;0.
Package atveryend Info: Empty hook `AtVeryVeryEnd' on input line 150.
 ) 
Here is how much of TeX's memory you used:
 5674 strings out of 492995
 83976 string characters out of 6132704
 179242 words of memory out of 5000000
 9194 multiletter control sequences out of 15000+600000
 7644 words of font info for 27 fonts, out of 8000000 for 9000
 1141 hyphenation exceptions out of 8191
 28i,5n,23p,379b,471s stack positions out of 5000i,500n,10000p,200000b,80000s
</usr/local/texlive/2017/texmf-dist/fonts/type1/public/amsfonts/cm/cmbx12.pfb
></usr/local/texlive/2017/texmf-dist/fonts/type1/public/amsfonts/cm/cmr12.pfb><
/usr/local/texlive/2017/texmf-dist/fonts/type1/public/amsfonts/cm/cmr8.pfb></us
r/local/texlive/2017/texmf-dist/fonts/type1/public/amsfonts/cm/cmti12.pfb>
Output written on 2018-05_CV_Vagni_Long.pdf (5 pages, 71359 bytes).
PDF statistics:
 50 PDF objects out of 1000 (max. 8388607)
 38 compressed objects within 1 object stream
 6 named destinations out of 1000 (max. 500000)
 1 words of extra memory for PDF output out of 10000 (max. 10000000)

